2024-04-16 12:28:21,983 INFO main:21 Application starts up...
2024-04-16 13:50:06,140 INFO main:21 Application starts up...
2024-04-16 13:51:48,830 INFO main:21 Application starts up...
2024-04-16 13:52:46,147 INFO main:21 Application starts up...
2024-04-16 14:01:48,258 INFO main:21 Application starts up...
2024-04-16 14:02:03,885 INFO main:21 Application starts up...
2024-04-16 14:03:01,515 INFO main:21 Application starts up...
2024-04-16 14:03:14,166 INFO main:21 Application starts up...
2024-04-16 14:04:28,877 INFO main:21 Application starts up...
2024-04-16 14:04:55,024 INFO main:21 Application starts up...
2024-04-16 14:09:50,863 INFO main:21 Application starts up...
2024-04-16 14:10:08,702 INFO main:21 Application starts up...
2024-04-16 14:11:20,003 INFO main:21 Application starts up...
2024-04-16 14:13:45,343 INFO main:21 Application starts up...
2024-04-16 14:21:21,011 INFO main:21 Application starts up...
2024-04-16 14:21:43,799 INFO main:21 Application starts up...
2024-04-16 14:22:12,934 INFO routes.events:18 viewing 0 events
2024-04-16 14:22:16,476 INFO routes.events:18 viewing 0 events
2024-04-16 14:23:00,677 INFO main:21 Application starts up...
2024-04-16 14:23:04,414 INFO routes.events:18 viewing 0 events
2024-04-16 14:50:38,245 INFO main:21 Application starts up...
2024-04-16 14:50:41,456 INFO routes.events:18 viewing 0 events
2024-04-16 17:04:03,977 INFO main:21 Application starts up...
2024-04-16 17:14:04,159 INFO main:21 Application starts up...
2024-04-16 17:14:12,293 INFO main:21 Application starts up...
2024-04-16 17:14:27,384 INFO routes.users:21 User [cum@cum.com] is signing up.
2024-04-16 17:14:27,715 INFO routes.users:33 	 User [cum@cum.com] is created.
2024-04-16 17:14:35,754 INFO routes.users:39 User [cum@cum.com] is signing in the system.
2024-04-16 17:14:35,979 WARN routes.users:48 	 User [cum@cum.com] signed in
2024-04-16 17:27:28,804 INFO routes.events:18 viewing 0 events
2024-04-16 17:28:48,095 INFO routes.events:38 User [cum@cum.com] is creating an event.
2024-04-16 17:28:48,187 INFO routes.events:40 	 A new event #[661efba01d167fa7d1d1ec44] created.
2024-04-16 17:28:48,249 INFO routes.events:18 viewing 1 events
2024-04-16 17:39:48,883 INFO routes.events:18 viewing 1 events
2024-04-16 17:40:03,635 INFO routes.events:18 viewing 1 events
2024-04-16 17:40:47,008 INFO routes.users:39 User [test@uiowa.com] is signing in the system.
2024-04-16 17:40:47,070 WARN routes.users:42 	 User [test@uiowa.com] not found
2024-04-16 17:42:12,548 INFO main:21 Application starts up...
2024-04-16 17:42:25,974 INFO routes.users:39 User [test@uiowa.com] is signing in the system.
2024-04-16 17:42:26,027 WARN routes.users:42 	 User [test@uiowa.com] not found
2024-04-16 17:58:19,514 INFO routes.users:39 User [cum@cum.com] is signing in the system.
2024-04-16 17:58:19,757 WARN routes.users:48 	 User [cum@cum.com] signed in
2024-04-16 17:58:22,178 INFO routes.events:18 viewing 1 events
2024-04-16 17:58:27,467 INFO routes.events:18 viewing 1 events
2024-04-18 13:12:03,315 INFO main:21 Application starts up...
2024-04-18 13:12:04,133 INFO routes.events:18 viewing 1 events
2024-04-18 13:13:27,265 INFO main:21 Application starts up...
